<?xml version="1.0" encoding="UTF-8"?>
<testng-results skipped="0" failed="0" ignored="0" total="0" passed="0">
  <reporter-output>
  </reporter-output>
  <suite name="Surefire suite" duration-ms="9" started-at="2021-10-14T17:53:54 CLST" finished-at="2021-10-14T17:53:54 CLST">
    <groups>
    </groups>
    <test name="Surefire test" duration-ms="9" started-at="2021-10-14T17:53:54 CLST" finished-at="2021-10-14T17:53:54 CLST">
    </test> <!-- Surefire test -->
  </suite> <!-- Surefire suite -->
</testng-results>
